<?xml version="1.0" encoding="UTF-8" ?>
<testsuite tests="6" failures="0" name="UserServiceTest" time="1.169" errors="0" skipped="0">
  <properties>
[...]
</properties>
  <testcase classname="UserServiceTest" name="saveUser" time="0.915"/>
  <testcase classname="UserServiceTest" name="removeUserById" time="0.095"/>
  <testcase classname="UserServiceTest" name="getAllUsers" time="0.05"/>
  <testcase classname="UserServiceTest" name="dropUsersTable" time="0.028"/>
  <testcase classname="UserServiceTest" name="createUsersTable" time="0.026"/>
  <testcase classname="UserServiceTest" name="cleanUsersTable" time="0.055"/>
</testsuite>